<?xml version="1.0" encoding="UTF-8"?>
<testsuite xmlns:xsi="http://www.w3.org/2001/XMLSchema-instance" xsi:noNamespaceSchemaLocation="https://maven.apache.org/surefire/maven-surefire-plugin/xsd/surefire-test-report.xsd" name="edu.sc.bse3211.meetingplanner.CalendarTest" time="0.054" tests="1" errors="0" skipped="0" failures="0">
  <properties>
    <property name="java.specification.version" value="19"/>
    <property name="sun.jnu.encoding" value="UTF-8"/>
    <property name="java.class.path" value="/Users/mwotila/Library/Mobile Documents/com~apple~CloudDocs/Makerere/BSE 3211/Exercises/meetingplanner/target/test-classes:/Users/mwotila/Library/Mobile Documents/com~apple~CloudDocs/Makerere/BSE 3211/Exercises/meetingplanner/target/classes:/Users/mwotila/.m2/repository/junit/junit/4.11/junit-4.11.jar:/Users/mwotila/.m2/repository/org/hamcrest/hamcrest-core/1.3/hamcrest-core-1.3.jar:"/>
    <property name="java.vm.vendor" value="Homebrew"/>
    <property name="sun.arch.data.model" value="64"/>
    <property name="java.vendor.url" value="https://github.com/Homebrew/homebrew-core/issues"/>
    <property name="os.name" value="Mac OS X"/>
    <property name="java.vm.specification.version" value="19"/>
    <property name="sun.java.launcher" value="SUN_STANDARD"/>
    <property name="user.country" value="UG"/>
    <property name="sun.boot.library.path" value="/usr/local/Cellar/openjdk/19/libexec/openjdk.jdk/Contents/Home/lib"/>
    <property name="sun.java.command" value="/Users/mwotila/Library/Mobile Documents/com~apple~CloudDocs/Makerere/BSE 3211/Exercises/meetingplanner/target/surefire/surefirebooter7534961023635993626.jar /Users/mwotila/Library/Mobile Documents/com~apple~CloudDocs/Makerere/BSE 3211/Exercises/meetingplanner/target/surefire 2024-03-11T10-06-14_583-jvmRun1 surefire10801258222801375442tmp surefire_02240091536091400952tmp"/>
    <property name="http.nonProxyHosts" value="local|*.local|169.254/16|*.169.254/16"/>
    <property name="jdk.debug" value="release"/>
    <property name="surefire.test.class.path" value="/Users/mwotila/Library/Mobile Documents/com~apple~CloudDocs/Makerere/BSE 3211/Exercises/meetingplanner/target/test-classes:/Users/mwotila/Library/Mobile Documents/com~apple~CloudDocs/Makerere/BSE 3211/Exercises/meetingplanner/target/classes:/Users/mwotila/.m2/repository/junit/junit/4.11/junit-4.11.jar:/Users/mwotila/.m2/repository/org/hamcrest/hamcrest-core/1.3/hamcrest-core-1.3.jar:"/>
    <property name="sun.cpu.endian" value="little"/>
    <property name="user.home" value="/Users/mwotila"/>
    <property name="user.language" value="en"/>
    <property name="java.specification.vendor" value="Oracle Corporation"/>
    <property name="java.version.date" value="2022-09-20"/>
    <property name="java.home" value="/usr/local/Cellar/openjdk/19/libexec/openjdk.jdk/Contents/Home"/>
    <property name="file.separator" value="/"/>
    <property name="basedir" value="/Users/mwotila/Library/Mobile Documents/com~apple~CloudDocs/Makerere/BSE 3211/Exercises/meetingplanner"/>
    <property name="java.vm.compressedOopsMode" value="Zero based"/>
    <property name="line.separator" value="&#10;"/>
    <property name="java.vm.specification.vendor" value="Oracle Corporation"/>
    <property name="java.specification.name" value="Java Platform API Specification"/>
    <property name="apple.awt.application.name" value="ForkedBooter"/>
    <property name="surefire.real.class.path" value="/Users/mwotila/Library/Mobile Documents/com~apple~CloudDocs/Makerere/BSE 3211/Exercises/meetingplanner/target/surefire/surefirebooter7534961023635993626.jar"/>
    <property name="sun.management.compiler" value="HotSpot 64-Bit Tiered Compilers"/>
    <property name="ftp.nonProxyHosts" value="local|*.local|169.254/16|*.169.254/16"/>
    <property name="java.runtime.version" value="19"/>
    <property name="user.name" value="mwotila"/>
    <property name="stdout.encoding" value="UTF-8"/>
    <property name="path.separator" value=":"/>
    <property name="os.version" value="14.1.2"/>
    <property name="java.runtime.name" value="OpenJDK Runtime Environment"/>
    <property name="file.encoding" value="UTF-8"/>
    <property name="java.vm.name" value="OpenJDK 64-Bit Server VM"/>
    <property name="java.vendor.version" value="Homebrew"/>
    <property name="localRepository" value="/Users/mwotila/.m2/repository"/>
    <property name="java.vendor.url.bug" value="https://github.com/Homebrew/homebrew-core/issues"/>
    <property name="java.io.tmpdir" value="/var/folders/n2/2h5mgp154698h3rmqc0zddmc0000gq/T/"/>
    <property name="java.version" value="19"/>
    <property name="user.dir" value="/Users/mwotila/Library/Mobile Documents/com~apple~CloudDocs/Makerere/BSE 3211/Exercises/meetingplanner"/>
    <property name="os.arch" value="x86_64"/>
    <property name="java.vm.specification.name" value="Java Virtual Machine Specification"/>
    <property name="native.encoding" value="UTF-8"/>
    <property name="java.library.path" value="/Users/mwotila/Library/Java/Extensions:/Library/Java/Extensions:/Network/Library/Java/Extensions:/System/Library/Java/Extensions:/usr/lib/java:."/>
    <property name="java.vm.info" value="mixed mode, sharing"/>
    <property name="stderr.encoding" value="UTF-8"/>
    <property name="java.vendor" value="Homebrew"/>
    <property name="java.vm.version" value="19"/>
    <property name="sun.io.unicode.encoding" value="UnicodeBig"/>
    <property name="socksNonProxyHosts" value="local|*.local|169.254/16|*.169.254/16"/>
    <property name="java.class.version" value="63.0"/>
  </properties>
  <testcase name="testAddMeeting_holiday" classname="edu.sc.bse3211.meetingplanner.CalendarTest" time="0.007"/>
</testsuite>